[INFO ] 2021-05-11 10:37:00 org.springframework.boot.StartupInfoLogger@(StartupInfoLogger.java:55):Starting GetDatasFromShentuApplication using Java 11.0.7 on DESKTOP-J7GFFQ9 with PID 21964 (D:\idea-projects\getDatasFromShentu\target\classes started by fang in D:\idea-projects\getDatasFromShentu)
[INFO ] 2021-05-11 10:37:00 org.springframework.boot.SpringApplication@(SpringApplication.java:660):No active profile set, falling back to default profiles: default
[INFO ] 2021-05-11 10:37:01 org.springframework.data.repository.config.RepositoryConfigurationDelegate@(RepositoryConfigurationDelegate.java:250):Multiple Spring Data modules found, entering strict repository configuration mode!
[INFO ] 2021-05-11 10:37:01 org.springframework.data.repository.config.RepositoryConfigurationDelegate@(RepositoryConfigurationDelegate.java:128):Bootstrapping Spring Data Redis repositories in DEFAULT mode.
[INFO ] 2021-05-11 10:37:01 org.springframework.data.repository.config.RepositoryConfigurationDelegate@(RepositoryConfigurationDelegate.java:188):Finished Spring Data repository scanning in 12 ms. Found 0 Redis repository interfaces.
[INFO ] 2021-05-11 10:37:01 org.springframework.beans.factory.annotation.AutowiredAnnotationBeanPostProcessor@(AutowiredAnnotationBeanPostProcessor.java:478):Autowired annotation is not supported on static fields: private static cn.fri.getDatasFromShentu.FetchDataTasks cn.fri.getDatasFromShentu.GetDatasFromShentuApplication.fetchDataTasks_static
[INFO ] 2021-05-11 10:37:03 org.springframework.scheduling.concurrent.ExecutorConfigurationSupport@(ExecutorConfigurationSupport.java:181):Initializing ExecutorService 'taskScheduler'
[INFO ] 2021-05-11 10:37:03 org.springframework.boot.StartupInfoLogger@(StartupInfoLogger.java:61):Started GetDatasFromShentuApplication in 3.321 seconds (JVM running for 3.898)
[INFO ] 2021-05-11 10:37:03 cn.fri.getDatasFromShentu.FetchDataTasks@(FetchDataTasks.java:51):scancoderecord thread id:20
[INFO ] 2021-05-11 10:37:03 cn.fri.getDatasFromShentu.FetchDataTasks@(FetchDataTasks.java:33):babayinfo thread id:19
[INFO ] 2021-05-11 10:37:03 com.zaxxer.hikari.HikariDataSource@(HikariDataSource.java:110):HikariPool-1 - Starting...
[INFO ] 2021-05-11 10:37:04 com.zaxxer.hikari.HikariDataSource@(HikariDataSource.java:123):HikariPool-1 - Start completed.
[INFO ] 2021-05-11 10:37:04 cn.fri.getDatasFromShentu.FetchDataTasks@(FetchDataTasks.java:122):BabyInfoStartTime 2021-03-29 13:58:09
[INFO ] 2021-05-11 10:37:04 cn.fri.getDatasFromShentu.FetchDataTasks@(FetchDataTasks.java:163):ScanCodeRecordStartTime 2021-05-11 10:12:18
[INFO ] 2021-05-11 10:37:05 cn.fri.getDatasFromShentu.FetchDataTasks@(FetchDataTasks.java:51):scancoderecord thread id:20
[INFO ] 2021-05-11 10:37:05 cn.fri.getDatasFromShentu.FetchDataTasks@(FetchDataTasks.java:163):ScanCodeRecordStartTime 2021-05-11 10:36:20
[INFO ] 2021-05-11 10:37:31 cn.fri.getDatasFromShentu.FetchDataTasks@(FetchDataTasks.java:33):babayinfo thread id:19
[INFO ] 2021-05-11 10:37:31 cn.fri.getDatasFromShentu.FetchDataTasks@(FetchDataTasks.java:122):BabyInfoStartTime 2021-03-30 07:20:24
[INFO ] 2021-05-11 10:37:50 org.springframework.test.context.support.AbstractTestContextBootstrapper@(AbstractTestContextBootstrapper.java:305):Neither @ContextConfiguration nor @ContextHierarchy found for test class [cn.fri.getDatasFromShentu.GetDatasFromShentuApplicationTests], using SpringBootContextLoader
[INFO ] 2021-05-11 10:37:50 org.springframework.test.context.support.AbstractContextLoader@(AbstractContextLoader.java:264):Could not detect default resource locations for test class [cn.fri.getDatasFromShentu.GetDatasFromShentuApplicationTests]: no resource found for suffixes {-context.xml, Context.groovy}.
[INFO ] 2021-05-11 10:37:50 org.springframework.test.context.support.AnnotationConfigContextLoaderUtils@(AnnotationConfigContextLoaderUtils.java:83):Could not detect default configuration classes for test class [cn.fri.getDatasFromShentu.GetDatasFromShentuApplicationTests]: GetDatasFromShentuApplicationTests does not declare any static, non-private, non-final, nested classes annotated with @Configuration.
[INFO ] 2021-05-11 10:37:50 org.springframework.boot.test.context.SpringBootTestContextBootstrapper@(SpringBootTestContextBootstrapper.java:238):Found @SpringBootConfiguration cn.fri.getDatasFromShentu.GetDatasFromShentuApplication for test class cn.fri.getDatasFromShentu.GetDatasFromShentuApplicationTests
[INFO ] 2021-05-11 10:37:50 org.springframework.test.context.support.AbstractTestContextBootstrapper@(AbstractTestContextBootstrapper.java:245):Loaded default TestExecutionListener class names from location [META-INF/spring.factories]: [org.springframework.boot.test.mock.mockito.MockitoTestExecutionListener, org.springframework.boot.test.mock.mockito.ResetMocksTestExecutionListener, org.springframework.boot.test.autoconfigure.restdocs.RestDocsTestExecutionListener, org.springframework.boot.test.autoconfigure.web.client.MockRestServiceServerResetTestExecutionListener, org.springframework.boot.test.autoconfigure.web.servlet.MockMvcPrintOnlyOnFailureTestExecutionListener, org.springframework.boot.test.autoconfigure.web.servlet.WebDriverTestExecutionListener, org.springframework.boot.test.autoconfigure.webservices.client.MockWebServiceServerTestExecutionListener, org.springframework.test.context.web.ServletTestExecutionListener, org.springframework.test.context.support.DirtiesContextBeforeModesTestExecutionListener, org.springframework.test.context.event.ApplicationEventsTestExecutionListener, org.springframework.test.context.support.DependencyInjectionTestExecutionListener, org.springframework.test.context.support.DirtiesContextTestExecutionListener, org.springframework.test.context.transaction.TransactionalTestExecutionListener, org.springframework.test.context.jdbc.SqlScriptsTestExecutionListener, org.springframework.test.context.event.EventPublishingTestExecutionListener]
[INFO ] 2021-05-11 10:37:51 org.springframework.test.context.support.AbstractTestContextBootstrapper@(AbstractTestContextBootstrapper.java:174):Using TestExecutionListeners: [org.springframework.test.context.web.ServletTestExecutionListener@764faa6, org.springframework.test.context.support.DirtiesContextBeforeModesTestExecutionListener@4c1f22f3, org.springframework.test.context.event.ApplicationEventsTestExecutionListener@598bd2ba, org.springframework.boot.test.mock.mockito.MockitoTestExecutionListener@5a755cc1, org.springframework.boot.test.autoconfigure.SpringBootDependencyInjectionTestExecutionListener@7ae42ce3, org.springframework.test.context.support.DirtiesContextTestExecutionListener@4f5991f6, org.springframework.test.context.transaction.TransactionalTestExecutionListener@484094a5, org.springframework.test.context.jdbc.SqlScriptsTestExecutionListener@38234a38, org.springframework.test.context.event.EventPublishingTestExecutionListener@63fbfaeb, org.springframework.boot.test.mock.mockito.ResetMocksTestExecutionListener@602e0143, org.springframework.boot.test.autoconfigure.restdocs.RestDocsTestExecutionListener@2c07545f, org.springframework.boot.test.autoconfigure.web.client.MockRestServiceServerResetTestExecutionListener@e57b96d, org.springframework.boot.test.autoconfigure.web.servlet.MockMvcPrintOnlyOnFailureTestExecutionListener@32c726ee, org.springframework.boot.test.autoconfigure.web.servlet.WebDriverTestExecutionListener@22f31dec, org.springframework.boot.test.autoconfigure.webservices.client.MockWebServiceServerTestExecutionListener@34c01041]
[INFO ] 2021-05-11 10:37:51 org.springframework.boot.StartupInfoLogger@(StartupInfoLogger.java:55):Starting GetDatasFromShentuApplicationTests using Java 11.0.7 on DESKTOP-J7GFFQ9 with PID 20428 (started by fang in D:\idea-projects\getDatasFromShentu)
[INFO ] 2021-05-11 10:37:51 org.springframework.boot.SpringApplication@(SpringApplication.java:660):No active profile set, falling back to default profiles: default
[INFO ] 2021-05-11 10:37:52 org.springframework.data.repository.config.RepositoryConfigurationDelegate@(RepositoryConfigurationDelegate.java:250):Multiple Spring Data modules found, entering strict repository configuration mode!
[INFO ] 2021-05-11 10:37:52 org.springframework.data.repository.config.RepositoryConfigurationDelegate@(RepositoryConfigurationDelegate.java:128):Bootstrapping Spring Data Redis repositories in DEFAULT mode.
[INFO ] 2021-05-11 10:37:52 org.springframework.data.repository.config.RepositoryConfigurationDelegate@(RepositoryConfigurationDelegate.java:188):Finished Spring Data repository scanning in 12 ms. Found 0 Redis repository interfaces.
[INFO ] 2021-05-11 10:37:53 org.springframework.beans.factory.annotation.AutowiredAnnotationBeanPostProcessor@(AutowiredAnnotationBeanPostProcessor.java:478):Autowired annotation is not supported on static fields: private static cn.fri.getDatasFromShentu.FetchDataTasks cn.fri.getDatasFromShentu.GetDatasFromShentuApplication.fetchDataTasks_static
[INFO ] 2021-05-11 10:37:54 org.springframework.scheduling.concurrent.ExecutorConfigurationSupport@(ExecutorConfigurationSupport.java:181):Initializing ExecutorService 'applicationTaskExecutor'
[INFO ] 2021-05-11 10:37:55 org.springframework.scheduling.concurrent.ExecutorConfigurationSupport@(ExecutorConfigurationSupport.java:181):Initializing ExecutorService 'taskScheduler'
[INFO ] 2021-05-11 10:37:55 org.springframework.boot.StartupInfoLogger@(StartupInfoLogger.java:61):Started GetDatasFromShentuApplicationTests in 4.433 seconds (JVM running for 5.88)
[INFO ] 2021-05-11 10:37:56 org.springframework.scheduling.concurrent.ExecutorConfigurationSupport@(ExecutorConfigurationSupport.java:218):Shutting down ExecutorService 'taskScheduler'
[INFO ] 2021-05-11 10:37:56 org.springframework.scheduling.concurrent.ExecutorConfigurationSupport@(ExecutorConfigurationSupport.java:218):Shutting down ExecutorService 'applicationTaskExecutor'
[INFO ] 2021-05-11 10:38:10 org.springframework.boot.StartupInfoLogger@(StartupInfoLogger.java:55):Starting GetDatasFromShentuApplication v0.0.1-SNAPSHOT using Java 11.0.7 on DESKTOP-J7GFFQ9 with PID 20228 (D:\idea-projects\getDatasFromShentu\target\getDatasFromShentu-0.0.1-SNAPSHOT.jar started by fang in D:\idea-projects\getDatasFromShentu)
[INFO ] 2021-05-11 10:38:10 org.springframework.boot.SpringApplication@(SpringApplication.java:660):No active profile set, falling back to default profiles: default
[INFO ] 2021-05-11 10:38:12 org.springframework.data.repository.config.RepositoryConfigurationDelegate@(RepositoryConfigurationDelegate.java:250):Multiple Spring Data modules found, entering strict repository configuration mode!
[INFO ] 2021-05-11 10:38:12 org.springframework.data.repository.config.RepositoryConfigurationDelegate@(RepositoryConfigurationDelegate.java:128):Bootstrapping Spring Data Redis repositories in DEFAULT mode.
[INFO ] 2021-05-11 10:38:12 org.springframework.data.repository.config.RepositoryConfigurationDelegate@(RepositoryConfigurationDelegate.java:188):Finished Spring Data repository scanning in 8 ms. Found 0 Redis repository interfaces.
[INFO ] 2021-05-11 10:38:14 org.springframework.boot.web.embedded.tomcat.TomcatWebServer@(TomcatWebServer.java:108):Tomcat initialized with port(s): 8080 (http)
[INFO ] 2021-05-11 10:38:14 org.springframework.boot.web.servlet.context.ServletWebServerApplicationContext@(ServletWebServerApplicationContext.java:289):Root WebApplicationContext: initialization completed in 3475 ms
[INFO ] 2021-05-11 10:38:14 org.springframework.beans.factory.annotation.AutowiredAnnotationBeanPostProcessor@(AutowiredAnnotationBeanPostProcessor.java:478):Autowired annotation is not supported on static fields: private static cn.fri.getDatasFromShentu.FetchDataTasks cn.fri.getDatasFromShentu.GetDatasFromShentuApplication.fetchDataTasks_static
[INFO ] 2021-05-11 10:38:15 org.springframework.scheduling.concurrent.ExecutorConfigurationSupport@(ExecutorConfigurationSupport.java:181):Initializing ExecutorService 'applicationTaskExecutor'
[INFO ] 2021-05-11 10:38:16 org.springframework.scheduling.concurrent.ExecutorConfigurationSupport@(ExecutorConfigurationSupport.java:181):Initializing ExecutorService 'taskScheduler'
[INFO ] 2021-05-11 10:38:16 org.springframework.boot.web.embedded.tomcat.TomcatWebServer@(TomcatWebServer.java:220):Tomcat started on port(s): 8080 (http) with context path ''
[INFO ] 2021-05-11 10:38:16 org.springframework.boot.StartupInfoLogger@(StartupInfoLogger.java:61):Started GetDatasFromShentuApplication in 6.719 seconds (JVM running for 7.431)
[INFO ] 2021-05-11 10:38:16 cn.fri.getDatasFromShentu.FetchDataTasks@(FetchDataTasks.java:51):scancoderecord thread id:35
[INFO ] 2021-05-11 10:38:16 cn.fri.getDatasFromShentu.FetchDataTasks@(FetchDataTasks.java:33):babayinfo thread id:34
[INFO ] 2021-05-11 10:38:16 com.zaxxer.hikari.HikariDataSource@(HikariDataSource.java:110):HikariPool-1 - Starting...
[INFO ] 2021-05-11 10:38:17 com.zaxxer.hikari.HikariDataSource@(HikariDataSource.java:123):HikariPool-1 - Start completed.
[INFO ] 2021-05-11 10:38:17 cn.fri.getDatasFromShentu.FetchDataTasks@(FetchDataTasks.java:163):ScanCodeRecordStartTime 2021-05-11 10:36:20
[INFO ] 2021-05-11 10:38:17 cn.fri.getDatasFromShentu.FetchDataTasks@(FetchDataTasks.java:122):BabyInfoStartTime 2021-03-30 07:20:24
[INFO ] 2021-05-11 10:38:44 cn.fri.getDatasFromShentu.FetchDataTasks@(FetchDataTasks.java:33):babayinfo thread id:34
[INFO ] 2021-05-11 10:38:44 cn.fri.getDatasFromShentu.FetchDataTasks@(FetchDataTasks.java:122):BabyInfoStartTime 2021-03-30 13:00:24
